<?xml version="1.0" encoding="UTF-8"?>
<!-- Generated by org.testng.reporters.JUnitXMLReporter -->
<testsuite ignored="0" hostname="DESKTOP-FO2N1H3" failures="0" tests="3" name="Default test" time="8.75" errors="0" timestamp="17 Jul 2022 13:06:39 GMT">
  <testcase classname="com.training.jenkins.JenkinsCalTest" name="testAddNum" time="0.008"/>
  <testcase classname="com.training.jenkins.JenkinsCalTest" name="testMulNum" time="0.0"/>
  <testcase classname="com.training.jenkins.SampleSeleniumDemo" name="validateAmazonAccount" time="7.544"/>
</testsuite> <!-- Default test -->
